## Footprint report - date Sat Dec 10 23:32:48 2022
## Created by Pcbnew version (6.0.8)
## Unit = mm, Angle = deg.

$BeginDESCRIPTION

$BOARD
upper_left_corner 122.010000 44.650573
lower_right_corner 204.244900 151.874021
$EndBOARD

$MODULE C1
footprint Capacitor_SMD:C_0805_2012Metric
attribut smd
position 144.930000 113.500000  orientation 180.00
layer front
$PAD "1"
Shape Roundrect Layer front
position -0.950000  0.000000  size  1.000000  1.450000  orientation 0.00
drill  0.000000
shape_offset  0.000000  0.000000
$EndPAD
$PAD "2"
Shape Roundrect Layer front
position  0.950000  0.000000  size  1.000000  1.450000  orientation 0.00
drill  0.000000
shape_offset  0.000000  0.000000
$EndPAD
$EndMODULE  C1

$MODULE C2
footprint Capacitor_SMD:C_0402_1005Metric
attribut smd
position 145.280000 121.500000  orientation 180.00
layer front
$PAD "1"
Shape Roundrect Layer front
position -0.480000  0.000000  size  0.560000  0.620000  orientation 0.00
drill  0.000000
shape_offset  0.000000  0.000000
$EndPAD
$PAD "2"
Shape Roundrect Layer front
position  0.480000  0.000000  size  0.560000  0.620000  orientation 0.00
drill  0.000000
shape_offset  0.000000  0.000000
$EndPAD
$EndMODULE  C2

$MODULE C3
footprint Capacitor_SMD:C_0402_1005Metric
attribut smd
position 142.700001 124.700000  orientation 90.00
layer front
$PAD "1"
Shape Roundrect Layer front
position -0.480000  0.000000  size  0.560000  0.620000  orientation 0.00
drill  0.000000
shape_offset  0.000000  0.000000
$EndPAD
$PAD "2"
Shape Roundrect Layer front
position  0.480000  0.000000  size  0.560000  0.620000  orientation 0.00
drill  0.000000
shape_offset  0.000000  0.000000
$EndPAD
$EndMODULE  C3

$MODULE C4
footprint Capacitor_SMD:C_0402_1005Metric
attribut smd
position 145.280000 115.250000  orientation 180.00
layer front
$PAD "1"
Shape Roundrect Layer front
position -0.480000  0.000000  size  0.560000  0.620000  orientation 0.00
drill  0.000000
shape_offset  0.000000  0.000000
$EndPAD
$PAD "2"
Shape Roundrect Layer front
position  0.480000  0.000000  size  0.560000  0.620000  orientation 0.00
drill  0.000000
shape_offset  0.000000  0.000000
$EndPAD
$EndMODULE  C4

$MODULE C5
footprint Capacitor_SMD:C_0402_1005Metric
attribut smd
position 145.280000 120.250000  orientation 180.00
layer front
$PAD "1"
Shape Roundrect Layer front
position -0.480000  0.000000  size  0.560000  0.620000  orientation 0.00
drill  0.000000
shape_offset  0.000000  0.000000
$EndPAD
$PAD "2"
Shape Roundrect Layer front
position  0.480000  0.000000  size  0.560000  0.620000  orientation 0.00
drill  0.000000
shape_offset  0.000000  0.000000
$EndPAD
$EndMODULE  C5

$MODULE C6
footprint Capacitor_SMD:C_0402_1005Metric
attribut smd
position 145.280000 119.000000  orientation 180.00
layer front
$PAD "1"
Shape Roundrect Layer front
position -0.480000  0.000000  size  0.560000  0.620000  orientation 0.00
drill  0.000000
shape_offset  0.000000  0.000000
$EndPAD
$PAD "2"
Shape Roundrect Layer front
position  0.480000  0.000000  size  0.560000  0.620000  orientation 0.00
drill  0.000000
shape_offset  0.000000  0.000000
$EndPAD
$EndMODULE  C6

$MODULE C7
footprint Capacitor_SMD:C_0402_1005Metric
attribut smd
position 145.680000 111.750000  orientation 180.00
layer front
$PAD "1"
Shape Roundrect Layer front
position -0.480000  0.000000  size  0.560000  0.620000  orientation 0.00
drill  0.000000
shape_offset  0.000000  0.000000
$EndPAD
$PAD "2"
Shape Roundrect Layer front
position  0.480000  0.000000  size  0.560000  0.620000  orientation 0.00
drill  0.000000
shape_offset  0.000000  0.000000
$EndPAD
$EndMODULE  C7

$MODULE C8
footprint Capacitor_SMD:C_0402_1005Metric
attribut smd
position 149.450000 112.950000  orientation 90.00
layer front
$PAD "1"
Shape Roundrect Layer front
position -0.480000  0.000000  size  0.560000  0.620000  orientation 0.00
drill  0.000000
shape_offset  0.000000  0.000000
$EndPAD
$PAD "2"
Shape Roundrect Layer front
position  0.480000  0.000000  size  0.560000  0.620000  orientation 0.00
drill  0.000000
shape_offset  0.000000  0.000000
$EndPAD
$EndMODULE  C8

$MODULE C9
footprint Capacitor_SMD:C_0402_1005Metric
attribut smd
position 153.400000 112.500000  orientation 90.00
layer front
$PAD "1"
Shape Roundrect Layer front
position -0.480000  0.000000  size  0.560000  0.620000  orientation 0.00
drill  0.000000
shape_offset  0.000000  0.000000
$EndPAD
$PAD "2"
Shape Roundrect Layer front
position  0.480000  0.000000  size  0.560000  0.620000  orientation 0.00
drill  0.000000
shape_offset  0.000000  0.000000
$EndPAD
$EndMODULE  C9

$MODULE C10
footprint Capacitor_SMD:C_0402_1005Metric
attribut smd
position 157.300000 117.300000  orientation 0.00
layer front
$PAD "1"
Shape Roundrect Layer front
position -0.480000  0.000000  size  0.560000  0.620000  orientation 0.00
drill  0.000000
shape_offset  0.000000  0.000000
$EndPAD
$PAD "2"
Shape Roundrect Layer front
position  0.480000  0.000000  size  0.560000  0.620000  orientation 0.00
drill  0.000000
shape_offset  0.000000  0.000000
$EndPAD
$EndMODULE  C10

$MODULE C11
footprint Capacitor_SMD:C_0402_1005Metric
attribut smd
position 153.200000 123.450000  orientation -90.00
layer front
$PAD "1"
Shape Roundrect Layer front
position -0.480000  0.000000  size  0.560000  0.620000  orientation 360.00
drill  0.000000
shape_offset  0.000000  0.000000
$EndPAD
$PAD "2"
Shape Roundrect Layer front
position  0.480000  0.000000  size  0.560000  0.620000  orientation 360.00
drill  0.000000
shape_offset  0.000000  0.000000
$EndPAD
$EndMODULE  C11

$MODULE C12
footprint Capacitor_SMD:C_0402_1005Metric
attribut smd
position 150.600000 124.800000  orientation -90.00
layer front
$PAD "1"
Shape Roundrect Layer front
position -0.480000  0.000000  size  0.560000  0.620000  orientation 360.00
drill  0.000000
shape_offset  0.000000  0.000000
$EndPAD
$PAD "2"
Shape Roundrect Layer front
position  0.480000  0.000000  size  0.560000  0.620000  orientation 360.00
drill  0.000000
shape_offset  0.000000  0.000000
$EndPAD
$EndMODULE  C12

$MODULE C13
footprint Capacitor_SMD:C_0805_2012Metric
attribut smd
position 174.300000 142.700000  orientation -90.00
layer front
$PAD "1"
Shape Roundrect Layer front
position -0.950000  0.000000  size  1.000000  1.450000  orientation 360.00
drill  0.000000
shape_offset  0.000000  0.000000
$EndPAD
$PAD "2"
Shape Roundrect Layer front
position  0.950000  0.000000  size  1.000000  1.450000  orientation 360.00
drill  0.000000
shape_offset  0.000000  0.000000
$EndPAD
$EndMODULE  C13

$MODULE C14
footprint Capacitor_SMD:C_0805_2012Metric
attribut smd
position 148.000000 103.500000  orientation 0.00
layer front
$PAD "1"
Shape Roundrect Layer front
position -0.950000  0.000000  size  1.000000  1.450000  orientation 0.00
drill  0.000000
shape_offset  0.000000  0.000000
$EndPAD
$PAD "2"
Shape Roundrect Layer front
position  0.950000  0.000000  size  1.000000  1.450000  orientation 0.00
drill  0.000000
shape_offset  0.000000  0.000000
$EndPAD
$EndMODULE  C14

$MODULE C15
footprint Capacitor_SMD:C_0805_2012Metric
attribut smd
position 167.250000 147.500000  orientation 0.00
layer front
$PAD "1"
Shape Roundrect Layer front
position -0.950000  0.000000  size  1.000000  1.450000  orientation 0.00
drill  0.000000
shape_offset  0.000000  0.000000
$EndPAD
$PAD "2"
Shape Roundrect Layer front
position  0.950000  0.000000  size  1.000000  1.450000  orientation 0.00
drill  0.000000
shape_offset  0.000000  0.000000
$EndPAD
$EndMODULE  C15

$MODULE C16
footprint Capacitor_SMD:C_0805_2012Metric
attribut smd
position 167.250000 143.500000  orientation 0.00
layer front
$PAD "1"
Shape Roundrect Layer front
position -0.950000  0.000000  size  1.000000  1.450000  orientation 0.00
drill  0.000000
shape_offset  0.000000  0.000000
$EndPAD
$PAD "2"
Shape Roundrect Layer front
position  0.950000  0.000000  size  1.000000  1.450000  orientation 0.00
drill  0.000000
shape_offset  0.000000  0.000000
$EndPAD
$EndMODULE  C16

$MODULE C17
footprint Capacitor_SMD:C_0402_1005Metric
attribut smd
position 159.150000 120.700000  orientation 90.00
layer front
$PAD "1"
Shape Roundrect Layer front
position -0.480000  0.000000  size  0.560000  0.620000  orientation 0.00
drill  0.000000
shape_offset  0.000000  0.000000
$EndPAD
$PAD "2"
Shape Roundrect Layer front
position  0.480000  0.000000  size  0.560000  0.620000  orientation 0.00
drill  0.000000
shape_offset  0.000000  0.000000
$EndPAD
$EndMODULE  C17

$MODULE C18
footprint Capacitor_SMD:C_0402_1005Metric
attribut smd
position 162.200000 116.800000  orientation 180.00
layer front
$PAD "1"
Shape Roundrect Layer front
position -0.480000  0.000000  size  0.560000  0.620000  orientation 0.00
drill  0.000000
shape_offset  0.000000  0.000000
$EndPAD
$PAD "2"
Shape Roundrect Layer front
position  0.480000  0.000000  size  0.560000  0.620000  orientation 0.00
drill  0.000000
shape_offset  0.000000  0.000000
$EndPAD
$EndMODULE  C18

$MODULE D1
footprint LED_SMD:LED_0603_1608Metric
attribut smd
position 164.600000 93.800000  orientation 180.00
layer front
$PAD "1"
Shape Roundrect Layer front
position -0.787500  0.000000  size  0.875000  0.950000  orientation 0.00
drill  0.000000
shape_offset  0.000000  0.000000
$EndPAD
$PAD "2"
Shape Roundrect Layer front
position  0.787500  0.000000  size  0.875000  0.950000  orientation 0.00
drill  0.000000
shape_offset  0.000000  0.000000
$EndPAD
$EndMODULE  D1

$MODULE D2
footprint LED_SMD:LED_0603_1608Metric
attribut smd
position 164.600000 91.799999  orientation 180.00
layer front
$PAD "1"
Shape Roundrect Layer front
position -0.787500  0.000000  size  0.875000  0.950000  orientation 0.00
drill  0.000000
shape_offset  0.000000  0.000000
$EndPAD
$PAD "2"
Shape Roundrect Layer front
position  0.787500  0.000000  size  0.875000  0.950000  orientation 0.00
drill  0.000000
shape_offset  0.000000  0.000000
$EndPAD
$EndMODULE  D2

$MODULE D3
footprint LED_SMD:LED_0603_1608Metric
attribut smd
position 164.600000 89.800000  orientation 180.00
layer front
$PAD "1"
Shape Roundrect Layer front
position -0.787500  0.000000  size  0.875000  0.950000  orientation 0.00
drill  0.000000
shape_offset  0.000000  0.000000
$EndPAD
$PAD "2"
Shape Roundrect Layer front
position  0.787500  0.000000  size  0.875000  0.950000  orientation 0.00
drill  0.000000
shape_offset  0.000000  0.000000
$EndPAD
$EndMODULE  D3

$MODULE D4
footprint LED_SMD:LED_0603_1608Metric
attribut smd
position 164.600000 87.799999  orientation 180.00
layer front
$PAD "1"
Shape Roundrect Layer front
position -0.787500  0.000000  size  0.875000  0.950000  orientation 0.00
drill  0.000000
shape_offset  0.000000  0.000000
$EndPAD
$PAD "2"
Shape Roundrect Layer front
position  0.787500  0.000000  size  0.875000  0.950000  orientation 0.00
drill  0.000000
shape_offset  0.000000  0.000000
$EndPAD
$EndMODULE  D4

$MODULE D5
footprint LED_SMD:LED_0603_1608Metric
attribut smd
position 164.600000 85.800000  orientation 180.00
layer front
$PAD "1"
Shape Roundrect Layer front
position -0.787500  0.000000  size  0.875000  0.950000  orientation 0.00
drill  0.000000
shape_offset  0.000000  0.000000
$EndPAD
$PAD "2"
Shape Roundrect Layer front
position  0.787500  0.000000  size  0.875000  0.950000  orientation 0.00
drill  0.000000
shape_offset  0.000000  0.000000
$EndPAD
$EndMODULE  D5

$MODULE D6
footprint LED_SMD:LED_0603_1608Metric
attribut smd
position 164.600000 83.799999  orientation 180.00
layer front
$PAD "1"
Shape Roundrect Layer front
position -0.787500  0.000000  size  0.875000  0.950000  orientation 0.00
drill  0.000000
shape_offset  0.000000  0.000000
$EndPAD
$PAD "2"
Shape Roundrect Layer front
position  0.787500  0.000000  size  0.875000  0.950000  orientation 0.00
drill  0.000000
shape_offset  0.000000  0.000000
$EndPAD
$EndMODULE  D6

$MODULE D7
footprint LED_SMD:LED_0603_1608Metric
attribut smd
position 164.600000 81.800002  orientation 180.00
layer front
$PAD "1"
Shape Roundrect Layer front
position -0.787500  0.000000  size  0.875000  0.950000  orientation 0.00
drill  0.000000
shape_offset  0.000000  0.000000
$EndPAD
$PAD "2"
Shape Roundrect Layer front
position  0.787500  0.000000  size  0.875000  0.950000  orientation 0.00
drill  0.000000
shape_offset  0.000000  0.000000
$EndPAD
$EndMODULE  D7

$MODULE D8
footprint LED_SMD:LED_0603_1608Metric
attribut smd
position 164.600000 79.800000  orientation 180.00
layer front
$PAD "1"
Shape Roundrect Layer front
position -0.787500  0.000000  size  0.875000  0.950000  orientation 0.00
drill  0.000000
shape_offset  0.000000  0.000000
$EndPAD
$PAD "2"
Shape Roundrect Layer front
position  0.787500  0.000000  size  0.875000  0.950000  orientation 0.00
drill  0.000000
shape_offset  0.000000  0.000000
$EndPAD
$EndMODULE  D8

$MODULE D9
footprint LED_SMD:LED_0603_1608Metric
attribut smd
position 164.600000 77.800000  orientation 180.00
layer front
$PAD "1"
Shape Roundrect Layer front
position -0.787500  0.000000  size  0.875000  0.950000  orientation 0.00
drill  0.000000
shape_offset  0.000000  0.000000
$EndPAD
$PAD "2"
Shape Roundrect Layer front
position  0.787500  0.000000  size  0.875000  0.950000  orientation 0.00
drill  0.000000
shape_offset  0.000000  0.000000
$EndPAD
$EndMODULE  D9

$MODULE D10
footprint LED_SMD:LED_0603_1608Metric
attribut smd
position 164.600000 75.800000  orientation 180.00
layer front
$PAD "1"
Shape Roundrect Layer front
position -0.787500  0.000000  size  0.875000  0.950000  orientation 0.00
drill  0.000000
shape_offset  0.000000  0.000000
$EndPAD
$PAD "2"
Shape Roundrect Layer front
position  0.787500  0.000000  size  0.875000  0.950000  orientation 0.00
drill  0.000000
shape_offset  0.000000  0.000000
$EndPAD
$EndMODULE  D10

$MODULE D11
footprint LED_SMD:LED_0603_1608Metric
attribut smd
position 164.600000 73.799999  orientation 180.00
layer front
$PAD "1"
Shape Roundrect Layer front
position -0.787500  0.000000  size  0.875000  0.950000  orientation 0.00
drill  0.000000
shape_offset  0.000000  0.000000
$EndPAD
$PAD "2"
Shape Roundrect Layer front
position  0.787500  0.000000  size  0.875000  0.950000  orientation 0.00
drill  0.000000
shape_offset  0.000000  0.000000
$EndPAD
$EndMODULE  D11

$MODULE D12
footprint LED_SMD:LED_0603_1608Metric
attribut smd
position 164.600000 71.800000  orientation 180.00
layer front
$PAD "1"
Shape Roundrect Layer front
position -0.787500  0.000000  size  0.875000  0.950000  orientation 0.00
drill  0.000000
shape_offset  0.000000  0.000000
$EndPAD
$PAD "2"
Shape Roundrect Layer front
position  0.787500  0.000000  size  0.875000  0.950000  orientation 0.00
drill  0.000000
shape_offset  0.000000  0.000000
$EndPAD
$EndMODULE  D12

$MODULE D13
footprint Diode_SMD:D_SOD-323
attribut smd
position 168.000000 140.450000  orientation 0.00
layer front
$PAD "1"
Shape Rect Layer front
position -1.050000  0.000000  size  0.600000  0.450000  orientation 0.00
drill  0.000000
shape_offset  0.000000  0.000000
$EndPAD
$PAD "2"
Shape Rect Layer front
position  1.050000  0.000000  size  0.600000  0.450000  orientation 0.00
drill  0.000000
shape_offset  0.000000  0.000000
$EndPAD
$EndMODULE  D13

$MODULE D14
footprint LED_SMD:LED_0603_1608Metric
attribut smd
position 163.750000 138.075000  orientation -90.00
layer front
$PAD "1"
Shape Roundrect Layer front
position -0.787500  0.000000  size  0.875000  0.950000  orientation 360.00
drill  0.000000
shape_offset  0.000000  0.000000
$EndPAD
$PAD "2"
Shape Roundrect Layer front
position  0.787500  0.000000  size  0.875000  0.950000  orientation 360.00
drill  0.000000
shape_offset  0.000000  0.000000
$EndPAD
$EndMODULE  D14

$MODULE H1
footprint MountingHole:MountingHole_3.2mm_M3
attribut virtual
position 163.500000 54.000000  orientation 0.00
layer front
$PAD ""
Shape Circle Layer both
position  0.000000  0.000000  size  3.200000  3.200000  orientation 0.00
drill  3.200000
shape_offset  0.000000  0.000000
$EndPAD
$EndMODULE  H1

$MODULE J1
footprint Connector_USB:USB_Micro-B_Amphenol_10118194_Horizontal
attribut smd
position 125.985000 134.800000  orientation -90.00
layer front
$PAD ""
Shape Oval Layer nocopper
position -2.500000 -1.400000  size  1.250000  0.950000  orientation 360.00
drill  0.000000
shape_offset  0.000000  0.000000
$EndPAD
$PAD ""
Shape Oval Layer nocopper
position  2.500000 -1.400000  size  1.250000  0.950000  orientation 360.00
drill  0.000000
shape_offset  0.000000  0.000000
$EndPAD
$PAD ""
Shape Oval Layer nocopper
position  3.500000  1.300000  size  0.890000  1.550000  orientation 360.00
drill  0.000000
shape_offset  0.000000  0.000000
$EndPAD
$PAD ""
Shape Oval Layer nocopper
position -3.500000  1.300000  size  0.890000  1.550000  orientation 360.00
drill  0.000000
shape_offset  0.000000  0.000000
$EndPAD
$PAD "1"
Shape Rect Layer front
position -1.300000 -1.400000  size  0.400000  1.350000  orientation 360.00
drill  0.000000
shape_offset  0.000000  0.000000
$EndPAD
$PAD "2"
Shape Rect Layer front
position -0.650000 -1.400000  size  0.400000  1.350000  orientation 360.00
drill  0.000000
shape_offset  0.000000  0.000000
$EndPAD
$PAD "3"
Shape Rect Layer front
position  0.000000 -1.400000  size  0.400000  1.350000  orientation 360.00
drill  0.000000
shape_offset  0.000000  0.000000
$EndPAD
$PAD "4"
Shape Rect Layer front
position  0.650000 -1.400000  size  0.400000  1.350000  orientation 360.00
drill  0.000000
shape_offset  0.000000  0.000000
$EndPAD
$PAD "5"
Shape Rect Layer front
position  1.300000 -1.400000  size  0.400000  1.350000  orientation 360.00
drill  0.000000
shape_offset  0.000000  0.000000
$EndPAD
$PAD "6"
Shape Oval Layer both
position -3.500000  1.300000  size  0.890000  1.550000  orientation 360.00
drill  0.500000
shape_offset  0.000000  0.000000
$EndPAD
$PAD "6"
Shape Rect Layer front
position -1.000000  1.300000  size  1.500000  1.550000  orientation 360.00
drill  0.000000
shape_offset  0.000000  0.000000
$EndPAD
$PAD "6"
Shape Oval Layer both
position -2.500000 -1.400000  size  1.250000  0.950000  orientation 360.00
drill  0.850000
shape_offset  0.000000  0.000000
$EndPAD
$PAD "6"
Shape Rect Layer front
position  2.900000  1.300000  size  1.200000  1.550000  orientation 360.00
drill  0.000000
shape_offset  0.000000  0.000000
$EndPAD
$PAD "6"
Shape Oval Layer both
position  3.500000  1.300000  size  0.890000  1.550000  orientation 360.00
drill  0.500000
shape_offset  0.000000  0.000000
$EndPAD
$PAD "6"
Shape Rect Layer front
position  1.000000  1.300000  size  1.500000  1.550000  orientation 360.00
drill  0.000000
shape_offset  0.000000  0.000000
$EndPAD
$PAD "6"
Shape Oval Layer both
position  2.500000 -1.400000  size  1.250000  0.950000  orientation 360.00
drill  0.850000
shape_offset  0.000000  0.000000
$EndPAD
$PAD "6"
Shape Rect Layer front
position -2.900000  1.300000  size  1.200000  1.550000  orientation 360.00
drill  0.000000
shape_offset  0.000000  0.000000
$EndPAD
$EndMODULE  J1

$MODULE J2
footprint Connector_PinHeader_1.00mm:PinHeader_1x03_P1.00mm_Vertical
attribut none
position 155.000000 128.600000  orientation 180.00
layer front
$PAD "1"
Shape Rect Layer both
position  0.000000  0.000000  size  0.850000  0.850000  orientation 0.00
drill  0.500000
shape_offset  0.000000  0.000000
$EndPAD
$PAD "2"
Shape Oval Layer both
position  0.000000  1.000000  size  0.850000  0.850000  orientation 0.00
drill  0.500000
shape_offset  0.000000  0.000000
$EndPAD
$PAD "3"
Shape Oval Layer both
position  0.000000  2.000000  size  0.850000  0.850000  orientation 0.00
drill  0.500000
shape_offset  0.000000  0.000000
$EndPAD
$EndMODULE  J2

$MODULE J3
footprint Connector_PinHeader_2.54mm:PinHeader_1x02_P2.54mm_Vertical
attribut none
position 174.400000 133.475000  orientation 180.00
layer front
$PAD "1"
Shape Rect Layer both
position  0.000000  0.000000  size  1.700000  1.700000  orientation 0.00
drill  1.000000
shape_offset  0.000000  0.000000
$EndPAD
$PAD "2"
Shape Oval Layer both
position  0.000000  2.540000  size  1.700000  1.700000  orientation 0.00
drill  1.000000
shape_offset  0.000000  0.000000
$EndPAD
$EndMODULE  J3

$MODULE J4
footprint Connector_PinHeader_1.00mm:PinHeader_1x03_P1.00mm_Vertical
attribut none
position 166.300000 114.900000  orientation 180.00
layer front
$PAD "1"
Shape Rect Layer both
position  0.000000  0.000000  size  0.850000  0.850000  orientation 0.00
drill  0.500000
shape_offset  0.000000  0.000000
$EndPAD
$PAD "2"
Shape Oval Layer both
position  0.000000  1.000000  size  0.850000  0.850000  orientation 0.00
drill  0.500000
shape_offset  0.000000  0.000000
$EndPAD
$PAD "3"
Shape Oval Layer both
position  0.000000  2.000000  size  0.850000  0.850000  orientation 0.00
drill  0.500000
shape_offset  0.000000  0.000000
$EndPAD
$EndMODULE  J4

$MODULE JP1
footprint Jumper:SolderJumper-2_P1.3mm_Bridged_Pad1.0x1.5mm
attribut virtual
position 174.250000 137.350000  orientation -90.00
layer front
$PAD "1"
Shape Rect Layer front
position -0.650000  0.000000  size  1.000000  1.500000  orientation 360.00
drill  0.000000
shape_offset  0.000000  0.000000
$EndPAD
$PAD "2"
Shape Rect Layer front
position  0.650000  0.000000  size  1.000000  1.500000  orientation 360.00
drill  0.000000
shape_offset  0.000000  0.000000
$EndPAD
$EndMODULE  JP1

$MODULE L1
footprint Ornament Footprints:CKCS252010
attribut smd
position 172.012499 140.000000  orientation 180.00
layer front
$PAD "1"
Shape Rect Layer front
position  0.000000  0.000000  size  1.100000  2.000000  orientation 0.00
drill  0.000000
shape_offset  0.000000  0.000000
$EndPAD
$PAD "2"
Shape Rect Layer front
position  1.750000  0.000000  size  1.100000  2.000000  orientation 0.00
drill  0.000000
shape_offset  0.000000  0.000000
$EndPAD
$EndMODULE  L1

$MODULE R1
footprint Resistor_SMD:R_0603_1608Metric
attribut smd
position 145.500000 134.875000  orientation 90.00
layer front
$PAD "1"
Shape Roundrect Layer front
position -0.825000  0.000000  size  0.800000  0.950000  orientation 0.00
drill  0.000000
shape_offset  0.000000  0.000000
$EndPAD
$PAD "2"
Shape Roundrect Layer front
position  0.825000  0.000000  size  0.800000  0.950000  orientation 0.00
drill  0.000000
shape_offset  0.000000  0.000000
$EndPAD
$EndMODULE  R1

$MODULE R2
footprint Resistor_SMD:R_0603_1608Metric
attribut smd
position 144.000000 134.875000  orientation -90.00
layer front
$PAD "1"
Shape Roundrect Layer front
position -0.825000  0.000000  size  0.800000  0.950000  orientation 360.00
drill  0.000000
shape_offset  0.000000  0.000000
$EndPAD
$PAD "2"
Shape Roundrect Layer front
position  0.825000  0.000000  size  0.800000  0.950000  orientation 360.00
drill  0.000000
shape_offset  0.000000  0.000000
$EndPAD
$EndMODULE  R2

$MODULE R3
footprint Resistor_SMD:R_0402_1005Metric
attribut smd
position 145.280000 117.750000  orientation 180.00
layer front
$PAD "1"
Shape Roundrect Layer front
position -0.510000  0.000000  size  0.540000  0.640000  orientation 0.00
drill  0.000000
shape_offset  0.000000  0.000000
$EndPAD
$PAD "2"
Shape Roundrect Layer front
position  0.510000  0.000000  size  0.540000  0.640000  orientation 0.00
drill  0.000000
shape_offset  0.000000  0.000000
$EndPAD
$EndMODULE  R3

$MODULE R4
footprint Resistor_SMD:R_0402_1005Metric
attribut smd
position 145.280000 116.500000  orientation 180.00
layer front
$PAD "1"
Shape Roundrect Layer front
position -0.510000  0.000000  size  0.540000  0.640000  orientation 0.00
drill  0.000000
shape_offset  0.000000  0.000000
$EndPAD
$PAD "2"
Shape Roundrect Layer front
position  0.510000  0.000000  size  0.540000  0.640000  orientation 0.00
drill  0.000000
shape_offset  0.000000  0.000000
$EndPAD
$EndMODULE  R4

$MODULE R5
footprint Resistor_SMD:R_0603_1608Metric
attribut smd
position 171.200000 101.600000  orientation 90.00
layer front
$PAD "1"
Shape Roundrect Layer front
position -0.825000  0.000000  size  0.800000  0.950000  orientation 0.00
drill  0.000000
shape_offset  0.000000  0.000000
$EndPAD
$PAD "2"
Shape Roundrect Layer front
position  0.825000  0.000000  size  0.800000  0.950000  orientation 0.00
drill  0.000000
shape_offset  0.000000  0.000000
$EndPAD
$EndMODULE  R5

$MODULE R6
footprint Resistor_SMD:R_0603_1608Metric
attribut smd
position 169.600000 101.600000  orientation 90.00
layer front
$PAD "1"
Shape Roundrect Layer front
position -0.825000  0.000000  size  0.800000  0.950000  orientation 0.00
drill  0.000000
shape_offset  0.000000  0.000000
$EndPAD
$PAD "2"
Shape Roundrect Layer front
position  0.825000  0.000000  size  0.800000  0.950000  orientation 0.00
drill  0.000000
shape_offset  0.000000  0.000000
$EndPAD
$EndMODULE  R6

$MODULE R7
footprint Resistor_SMD:R_0603_1608Metric
attribut smd
position 168.000000 101.600000  orientation 90.00
layer front
$PAD "1"
Shape Roundrect Layer front
position -0.825000  0.000000  size  0.800000  0.950000  orientation 0.00
drill  0.000000
shape_offset  0.000000  0.000000
$EndPAD
$PAD "2"
Shape Roundrect Layer front
position  0.825000  0.000000  size  0.800000  0.950000  orientation 0.00
drill  0.000000
shape_offset  0.000000  0.000000
$EndPAD
$EndMODULE  R7

$MODULE R8
footprint Resistor_SMD:R_0603_1608Metric
attribut smd
position 166.400000 101.600000  orientation 90.00
layer front
$PAD "1"
Shape Roundrect Layer front
position -0.825000  0.000000  size  0.800000  0.950000  orientation 0.00
drill  0.000000
shape_offset  0.000000  0.000000
$EndPAD
$PAD "2"
Shape Roundrect Layer front
position  0.825000  0.000000  size  0.800000  0.950000  orientation 0.00
drill  0.000000
shape_offset  0.000000  0.000000
$EndPAD
$EndMODULE  R8

$MODULE R9
footprint Resistor_SMD:R_0603_1608Metric
attribut smd
position 164.800000 101.600000  orientation 90.00
layer front
$PAD "1"
Shape Roundrect Layer front
position -0.825000  0.000000  size  0.800000  0.950000  orientation 0.00
drill  0.000000
shape_offset  0.000000  0.000000
$EndPAD
$PAD "2"
Shape Roundrect Layer front
position  0.825000  0.000000  size  0.800000  0.950000  orientation 0.00
drill  0.000000
shape_offset  0.000000  0.000000
$EndPAD
$EndMODULE  R9

$MODULE R10
footprint Resistor_SMD:R_0603_1608Metric
attribut smd
position 163.200000 101.600000  orientation 90.00
layer front
$PAD "1"
Shape Roundrect Layer front
position -0.825000  0.000000  size  0.800000  0.950000  orientation 0.00
drill  0.000000
shape_offset  0.000000  0.000000
$EndPAD
$PAD "2"
Shape Roundrect Layer front
position  0.825000  0.000000  size  0.800000  0.950000  orientation 0.00
drill  0.000000
shape_offset  0.000000  0.000000
$EndPAD
$EndMODULE  R10

$MODULE R11
footprint Resistor_SMD:R_0603_1608Metric
attribut smd
position 161.600000 101.600000  orientation 90.00
layer front
$PAD "1"
Shape Roundrect Layer front
position -0.825000  0.000000  size  0.800000  0.950000  orientation 0.00
drill  0.000000
shape_offset  0.000000  0.000000
$EndPAD
$PAD "2"
Shape Roundrect Layer front
position  0.825000  0.000000  size  0.800000  0.950000  orientation 0.00
drill  0.000000
shape_offset  0.000000  0.000000
$EndPAD
$EndMODULE  R11

$MODULE R12
footprint Resistor_SMD:R_0603_1608Metric
attribut smd
position 160.000000 101.600000  orientation 90.00
layer front
$PAD "1"
Shape Roundrect Layer front
position -0.825000  0.000000  size  0.800000  0.950000  orientation 0.00
drill  0.000000
shape_offset  0.000000  0.000000
$EndPAD
$PAD "2"
Shape Roundrect Layer front
position  0.825000  0.000000  size  0.800000  0.950000  orientation 0.00
drill  0.000000
shape_offset  0.000000  0.000000
$EndPAD
$EndMODULE  R12

$MODULE R13
footprint Resistor_SMD:R_0603_1608Metric
attribut smd
position 158.400000 101.600000  orientation 90.00
layer front
$PAD "1"
Shape Roundrect Layer front
position -0.825000  0.000000  size  0.800000  0.950000  orientation 0.00
drill  0.000000
shape_offset  0.000000  0.000000
$EndPAD
$PAD "2"
Shape Roundrect Layer front
position  0.825000  0.000000  size  0.800000  0.950000  orientation 0.00
drill  0.000000
shape_offset  0.000000  0.000000
$EndPAD
$EndMODULE  R13

$MODULE R14
footprint Resistor_SMD:R_0603_1608Metric
attribut smd
position 156.800000 101.600000  orientation 90.00
layer front
$PAD "1"
Shape Roundrect Layer front
position -0.825000  0.000000  size  0.800000  0.950000  orientation 0.00
drill  0.000000
shape_offset  0.000000  0.000000
$EndPAD
$PAD "2"
Shape Roundrect Layer front
position  0.825000  0.000000  size  0.800000  0.950000  orientation 0.00
drill  0.000000
shape_offset  0.000000  0.000000
$EndPAD
$EndMODULE  R14

$MODULE R15
footprint Resistor_SMD:R_0603_1608Metric
attribut smd
position 155.200000 101.600000  orientation 90.00
layer front
$PAD "1"
Shape Roundrect Layer front
position -0.825000  0.000000  size  0.800000  0.950000  orientation 0.00
drill  0.000000
shape_offset  0.000000  0.000000
$EndPAD
$PAD "2"
Shape Roundrect Layer front
position  0.825000  0.000000  size  0.800000  0.950000  orientation 0.00
drill  0.000000
shape_offset  0.000000  0.000000
$EndPAD
$EndMODULE  R15

$MODULE R16
footprint Resistor_SMD:R_0603_1608Metric
attribut smd
position 153.600000 101.600000  orientation 90.00
layer front
$PAD "1"
Shape Roundrect Layer front
position -0.825000  0.000000  size  0.800000  0.950000  orientation 0.00
drill  0.000000
shape_offset  0.000000  0.000000
$EndPAD
$PAD "2"
Shape Roundrect Layer front
position  0.825000  0.000000  size  0.800000  0.950000  orientation 0.00
drill  0.000000
shape_offset  0.000000  0.000000
$EndPAD
$EndMODULE  R16

$MODULE R17
footprint Resistor_SMD:R_0805_2012Metric
attribut smd
position 167.250000 145.500000  orientation 0.00
layer front
$PAD "1"
Shape Roundrect Layer front
position -0.912500  0.000000  size  1.025000  1.400000  orientation 0.00
drill  0.000000
shape_offset  0.000000  0.000000
$EndPAD
$PAD "2"
Shape Roundrect Layer front
position  0.912500  0.000000  size  1.025000  1.400000  orientation 0.00
drill  0.000000
shape_offset  0.000000  0.000000
$EndPAD
$EndMODULE  R17

$MODULE R18
footprint Resistor_SMD:R_0805_2012Metric
attribut smd
position 170.712500 146.000000  orientation 0.00
layer front
$PAD "1"
Shape Roundrect Layer front
position -0.912500  0.000000  size  1.025000  1.400000  orientation 0.00
drill  0.000000
shape_offset  0.000000  0.000000
$EndPAD
$PAD "2"
Shape Roundrect Layer front
position  0.912500  0.000000  size  1.025000  1.400000  orientation 0.00
drill  0.000000
shape_offset  0.000000  0.000000
$EndPAD
$EndMODULE  R18

$MODULE R19
footprint Resistor_SMD:R_0603_1608Metric
attribut smd
position 165.250000 138.075000  orientation -90.00
layer front
$PAD "1"
Shape Roundrect Layer front
position -0.825000  0.000000  size  0.800000  0.950000  orientation 360.00
drill  0.000000
shape_offset  0.000000  0.000000
$EndPAD
$PAD "2"
Shape Roundrect Layer front
position  0.825000  0.000000  size  0.800000  0.950000  orientation 360.00
drill  0.000000
shape_offset  0.000000  0.000000
$EndPAD
$EndMODULE  R19

$MODULE R20
footprint Resistor_SMD:R_0603_1608Metric
attribut smd
position 160.500000 115.800000  orientation -90.00
layer front
$PAD "1"
Shape Roundrect Layer front
position -0.825000  0.000000  size  0.800000  0.950000  orientation 360.00
drill  0.000000
shape_offset  0.000000  0.000000
$EndPAD
$PAD "2"
Shape Roundrect Layer front
position  0.825000  0.000000  size  0.800000  0.950000  orientation 360.00
drill  0.000000
shape_offset  0.000000  0.000000
$EndPAD
$EndMODULE  R20

$MODULE SW1
footprint Ornament Footprints:TS-1187A-B-A-B
attribut smd
position 142.500000 148.150000  orientation 180.00
layer front
$PAD "1"
Shape Roundrect Layer front
position  0.000000  0.000000  size  2.286000  1.524000  orientation 0.00
drill  0.000000
shape_offset  0.000000  0.000000
$EndPAD
$PAD "1"
Shape Roundrect Layer front
position  6.000000  0.000000  size  2.286000  1.524000  orientation 0.00
drill  0.000000
shape_offset  0.000000  0.000000
$EndPAD
$PAD "2"
Shape Roundrect Layer front
position  6.000000  3.750000  size  2.286000  1.524000  orientation 0.00
drill  0.000000
shape_offset  0.000000  0.000000
$EndPAD
$PAD "2"
Shape Roundrect Layer front
position  0.000000  3.750000  size  2.286000  1.524000  orientation 0.00
drill  0.000000
shape_offset  0.000000  0.000000
$EndPAD
$EndMODULE  SW1

$MODULE U1
footprint Package_SO:SOIC-8_5.23x5.23mm_P1.27mm
attribut smd
position 146.200000 128.450000  orientation 90.00
layer front
$PAD "1"
Shape Roundrect Layer front
position -3.600000 -1.905000  size  1.600000  0.600000  orientation 0.00
drill  0.000000
shape_offset  0.000000  0.000000
$EndPAD
$PAD "2"
Shape Roundrect Layer front
position -3.600000 -0.635000  size  1.600000  0.600000  orientation 0.00
drill  0.000000
shape_offset  0.000000  0.000000
$EndPAD
$PAD "3"
Shape Roundrect Layer front
position -3.600000  0.635000  size  1.600000  0.600000  orientation 0.00
drill  0.000000
shape_offset  0.000000  0.000000
$EndPAD
$PAD "4"
Shape Roundrect Layer front
position -3.600000  1.905000  size  1.600000  0.600000  orientation 0.00
drill  0.000000
shape_offset  0.000000  0.000000
$EndPAD
$PAD "5"
Shape Roundrect Layer front
position  3.600000  1.905000  size  1.600000  0.600000  orientation 0.00
drill  0.000000
shape_offset  0.000000  0.000000
$EndPAD
$PAD "6"
Shape Roundrect Layer front
position  3.600000  0.635000  size  1.600000  0.600000  orientation 0.00
drill  0.000000
shape_offset  0.000000  0.000000
$EndPAD
$PAD "7"
Shape Roundrect Layer front
position  3.600000 -0.635000  size  1.600000  0.600000  orientation 0.00
drill  0.000000
shape_offset  0.000000  0.000000
$EndPAD
$PAD "8"
Shape Roundrect Layer front
position  3.600000 -1.905000  size  1.600000  0.600000  orientation 0.00
drill  0.000000
shape_offset  0.000000  0.000000
$EndPAD
$EndMODULE  U1

$MODULE U2
footprint Package_DFN_QFN:QFN-56-1EP_7x7mm_P0.4mm_EP3.2x3.2mm
attribut smd
position 152.200000 118.200000  orientation 90.00
layer front
$PAD ""
Shape Roundrect Layer nocopper
position  0.800000 -0.800000  size  1.290000  1.290000  orientation 0.00
drill  0.000000
shape_offset  0.000000  0.000000
$EndPAD
$PAD ""
Shape Roundrect Layer nocopper
position  0.800000  0.800000  size  1.290000  1.290000  orientation 0.00
drill  0.000000
shape_offset  0.000000  0.000000
$EndPAD
$PAD ""
Shape Roundrect Layer nocopper
position -0.800000  0.800000  size  1.290000  1.290000  orientation 0.00
drill  0.000000
shape_offset  0.000000  0.000000
$EndPAD
$PAD ""
Shape Roundrect Layer nocopper
position -0.800000 -0.800000  size  1.290000  1.290000  orientation 0.00
drill  0.000000
shape_offset  0.000000  0.000000
$EndPAD
$PAD "1"
Shape Roundrect Layer front
position -3.437500 -2.600000  size  0.875000  0.200000  orientation 0.00
drill  0.000000
shape_offset  0.000000  0.000000
$EndPAD
$PAD "2"
Shape Roundrect Layer front
position -3.437500 -2.200000  size  0.875000  0.200000  orientation 0.00
drill  0.000000
shape_offset  0.000000  0.000000
$EndPAD
$PAD "3"
Shape Roundrect Layer front
position -3.437500 -1.800000  size  0.875000  0.200000  orientation 0.00
drill  0.000000
shape_offset  0.000000  0.000000
$EndPAD
$PAD "4"
Shape Roundrect Layer front
position -3.437500 -1.400000  size  0.875000  0.200000  orientation 0.00
drill  0.000000
shape_offset  0.000000  0.000000
$EndPAD
$PAD "5"
Shape Roundrect Layer front
position -3.437500 -1.000000  size  0.875000  0.200000  orientation 0.00
drill  0.000000
shape_offset  0.000000  0.000000
$EndPAD
$PAD "6"
Shape Roundrect Layer front
position -3.437500 -0.600000  size  0.875000  0.200000  orientation 0.00
drill  0.000000
shape_offset  0.000000  0.000000
$EndPAD
$PAD "7"
Shape Roundrect Layer front
position -3.437500 -0.200000  size  0.875000  0.200000  orientation 0.00
drill  0.000000
shape_offset  0.000000  0.000000
$EndPAD
$PAD "8"
Shape Roundrect Layer front
position -3.437500  0.200000  size  0.875000  0.200000  orientation 0.00
drill  0.000000
shape_offset  0.000000  0.000000
$EndPAD
$PAD "9"
Shape Roundrect Layer front
position -3.437500  0.600000  size  0.875000  0.200000  orientation 0.00
drill  0.000000
shape_offset  0.000000  0.000000
$EndPAD
$PAD "10"
Shape Roundrect Layer front
position -3.437500  1.000000  size  0.875000  0.200000  orientation 0.00
drill  0.000000
shape_offset  0.000000  0.000000
$EndPAD
$PAD "11"
Shape Roundrect Layer front
position -3.437500  1.400000  size  0.875000  0.200000  orientation 0.00
drill  0.000000
shape_offset  0.000000  0.000000
$EndPAD
$PAD "12"
Shape Roundrect Layer front
position -3.437500  1.800000  size  0.875000  0.200000  orientation 0.00
drill  0.000000
shape_offset  0.000000  0.000000
$EndPAD
$PAD "13"
Shape Roundrect Layer front
position -3.437500  2.200000  size  0.875000  0.200000  orientation 0.00
drill  0.000000
shape_offset  0.000000  0.000000
$EndPAD
$PAD "14"
Shape Roundrect Layer front
position -3.437500  2.600000  size  0.875000  0.200000  orientation 0.00
drill  0.000000
shape_offset  0.000000  0.000000
$EndPAD
$PAD "15"
Shape Roundrect Layer front
position -2.600000  3.437500  size  0.200000  0.875000  orientation 0.00
drill  0.000000
shape_offset  0.000000  0.000000
$EndPAD
$PAD "16"
Shape Roundrect Layer front
position -2.200000  3.437500  size  0.200000  0.875000  orientation 0.00
drill  0.000000
shape_offset  0.000000  0.000000
$EndPAD
$PAD "17"
Shape Roundrect Layer front
position -1.800000  3.437500  size  0.200000  0.875000  orientation 0.00
drill  0.000000
shape_offset  0.000000  0.000000
$EndPAD
$PAD "18"
Shape Roundrect Layer front
position -1.400000  3.437500  size  0.200000  0.875000  orientation 0.00
drill  0.000000
shape_offset  0.000000  0.000000
$EndPAD
$PAD "19"
Shape Roundrect Layer front
position -1.000000  3.437500  size  0.200000  0.875000  orientation 0.00
drill  0.000000
shape_offset  0.000000  0.000000
$EndPAD
$PAD "20"
Shape Roundrect Layer front
position -0.600000  3.437500  size  0.200000  0.875000  orientation 0.00
drill  0.000000
shape_offset  0.000000  0.000000
$EndPAD
$PAD "21"
Shape Roundrect Layer front
position -0.200000  3.437500  size  0.200000  0.875000  orientation 0.00
drill  0.000000
shape_offset  0.000000  0.000000
$EndPAD
$PAD "22"
Shape Roundrect Layer front
position  0.200000  3.437500  size  0.200000  0.875000  orientation 0.00
drill  0.000000
shape_offset  0.000000  0.000000
$EndPAD
$PAD "23"
Shape Roundrect Layer front
position  0.600000  3.437500  size  0.200000  0.875000  orientation 0.00
drill  0.000000
shape_offset  0.000000  0.000000
$EndPAD
$PAD "24"
Shape Roundrect Layer front
position  1.000000  3.437500  size  0.200000  0.875000  orientation 0.00
drill  0.000000
shape_offset  0.000000  0.000000
$EndPAD
$PAD "25"
Shape Roundrect Layer front
position  1.400000  3.437500  size  0.200000  0.875000  orientation 0.00
drill  0.000000
shape_offset  0.000000  0.000000
$EndPAD
$PAD "26"
Shape Roundrect Layer front
position  1.800000  3.437500  size  0.200000  0.875000  orientation 0.00
drill  0.000000
shape_offset  0.000000  0.000000
$EndPAD
$PAD "27"
Shape Roundrect Layer front
position  2.200000  3.437500  size  0.200000  0.875000  orientation 0.00
drill  0.000000
shape_offset  0.000000  0.000000
$EndPAD
$PAD "28"
Shape Roundrect Layer front
position  2.600000  3.437500  size  0.200000  0.875000  orientation 0.00
drill  0.000000
shape_offset  0.000000  0.000000
$EndPAD
$PAD "29"
Shape Roundrect Layer front
position  3.437500  2.600000  size  0.875000  0.200000  orientation 0.00
drill  0.000000
shape_offset  0.000000  0.000000
$EndPAD
$PAD "30"
Shape Roundrect Layer front
position  3.437500  2.200000  size  0.875000  0.200000  orientation 0.00
drill  0.000000
shape_offset  0.000000  0.000000
$EndPAD
$PAD "31"
Shape Roundrect Layer front
position  3.437500  1.800000  size  0.875000  0.200000  orientation 0.00
drill  0.000000
shape_offset  0.000000  0.000000
$EndPAD
$PAD "32"
Shape Roundrect Layer front
position  3.437500  1.400000  size  0.875000  0.200000  orientation 0.00
drill  0.000000
shape_offset  0.000000  0.000000
$EndPAD
$PAD "33"
Shape Roundrect Layer front
position  3.437500  1.000000  size  0.875000  0.200000  orientation 0.00
drill  0.000000
shape_offset  0.000000  0.000000
$EndPAD
$PAD "34"
Shape Roundrect Layer front
position  3.437500  0.600000  size  0.875000  0.200000  orientation 0.00
drill  0.000000
shape_offset  0.000000  0.000000
$EndPAD
$PAD "35"
Shape Roundrect Layer front
position  3.437500  0.200000  size  0.875000  0.200000  orientation 0.00
drill  0.000000
shape_offset  0.000000  0.000000
$EndPAD
$PAD "36"
Shape Roundrect Layer front
position  3.437500 -0.200000  size  0.875000  0.200000  orientation 0.00
drill  0.000000
shape_offset  0.000000  0.000000
$EndPAD
$PAD "37"
Shape Roundrect Layer front
position  3.437500 -0.600000  size  0.875000  0.200000  orientation 0.00
drill  0.000000
shape_offset  0.000000  0.000000
$EndPAD
$PAD "38"
Shape Roundrect Layer front
position  3.437500 -1.000000  size  0.875000  0.200000  orientation 0.00
drill  0.000000
shape_offset  0.000000  0.000000
$EndPAD
$PAD "39"
Shape Roundrect Layer front
position  3.437500 -1.400000  size  0.875000  0.200000  orientation 0.00
drill  0.000000
shape_offset  0.000000  0.000000
$EndPAD
$PAD "40"
Shape Roundrect Layer front
position  3.437500 -1.800000  size  0.875000  0.200000  orientation 0.00
drill  0.000000
shape_offset  0.000000  0.000000
$EndPAD
$PAD "41"
Shape Roundrect Layer front
position  3.437500 -2.200000  size  0.875000  0.200000  orientation 0.00
drill  0.000000
shape_offset  0.000000  0.000000
$EndPAD
$PAD "42"
Shape Roundrect Layer front
position  3.437500 -2.600000  size  0.875000  0.200000  orientation 0.00
drill  0.000000
shape_offset  0.000000  0.000000
$EndPAD
$PAD "43"
Shape Roundrect Layer front
position  2.600000 -3.437500  size  0.200000  0.875000  orientation 0.00
drill  0.000000
shape_offset  0.000000  0.000000
$EndPAD
$PAD "44"
Shape Roundrect Layer front
position  2.200000 -3.437500  size  0.200000  0.875000  orientation 0.00
drill  0.000000
shape_offset  0.000000  0.000000
$EndPAD
$PAD "45"
Shape Roundrect Layer front
position  1.800000 -3.437500  size  0.200000  0.875000  orientation 0.00
drill  0.000000
shape_offset  0.000000  0.000000
$EndPAD
$PAD "46"
Shape Roundrect Layer front
position  1.400000 -3.437500  size  0.200000  0.875000  orientation 0.00
drill  0.000000
shape_offset  0.000000  0.000000
$EndPAD
$PAD "47"
Shape Roundrect Layer front
position  1.000000 -3.437500  size  0.200000  0.875000  orientation 0.00
drill  0.000000
shape_offset  0.000000  0.000000
$EndPAD
$PAD "48"
Shape Roundrect Layer front
position  0.600000 -3.437500  size  0.200000  0.875000  orientation 0.00
drill  0.000000
shape_offset  0.000000  0.000000
$EndPAD
$PAD "49"
Shape Roundrect Layer front
position  0.200000 -3.437500  size  0.200000  0.875000  orientation 0.00
drill  0.000000
shape_offset  0.000000  0.000000
$EndPAD
$PAD "50"
Shape Roundrect Layer front
position -0.200000 -3.437500  size  0.200000  0.875000  orientation 0.00
drill  0.000000
shape_offset  0.000000  0.000000
$EndPAD
$PAD "51"
Shape Roundrect Layer front
position -0.600000 -3.437500  size  0.200000  0.875000  orientation 0.00
drill  0.000000
shape_offset  0.000000  0.000000
$EndPAD
$PAD "52"
Shape Roundrect Layer front
position -1.000000 -3.437500  size  0.200000  0.875000  orientation 0.00
drill  0.000000
shape_offset  0.000000  0.000000
$EndPAD
$PAD "53"
Shape Roundrect Layer front
position -1.400000 -3.437500  size  0.200000  0.875000  orientation 0.00
drill  0.000000
shape_offset  0.000000  0.000000
$EndPAD
$PAD "54"
Shape Roundrect Layer front
position -1.800000 -3.437500  size  0.200000  0.875000  orientation 0.00
drill  0.000000
shape_offset  0.000000  0.000000
$EndPAD
$PAD "55"
Shape Roundrect Layer front
position -2.200000 -3.437500  size  0.200000  0.875000  orientation 0.00
drill  0.000000
shape_offset  0.000000  0.000000
$EndPAD
$PAD "56"
Shape Roundrect Layer front
position -2.600000 -3.437500  size  0.200000  0.875000  orientation 0.00
drill  0.000000
shape_offset  0.000000  0.000000
$EndPAD
$PAD "57"
Shape Rect Layer front
position  0.000000  0.000000  size  3.200000  3.200000  orientation 0.00
drill  0.000000
shape_offset  0.000000  0.000000
$EndPAD
$EndMODULE  U2

$MODULE U3
footprint Package_TO_SOT_SMD:SOT-23-5
attribut smd
position 171.137500 143.200000  orientation 0.00
layer front
$PAD "1"
Shape Roundrect Layer front
position -1.137500 -0.950000  size  1.325000  0.600000  orientation 0.00
drill  0.000000
shape_offset  0.000000  0.000000
$EndPAD
$PAD "2"
Shape Roundrect Layer front
position -1.137500  0.000000  size  1.325000  0.600000  orientation 0.00
drill  0.000000
shape_offset  0.000000  0.000000
$EndPAD
$PAD "3"
Shape Roundrect Layer front
position -1.137500  0.950000  size  1.325000  0.600000  orientation 0.00
drill  0.000000
shape_offset  0.000000  0.000000
$EndPAD
$PAD "4"
Shape Roundrect Layer front
position  1.137500  0.950000  size  1.325000  0.600000  orientation 0.00
drill  0.000000
shape_offset  0.000000  0.000000
$EndPAD
$PAD "5"
Shape Roundrect Layer front
position  1.137500 -0.950000  size  1.325000  0.600000  orientation 0.00
drill  0.000000
shape_offset  0.000000  0.000000
$EndPAD
$EndMODULE  U3

$MODULE U4
footprint Package_TO_SOT_SMD:SOT-223-3_TabPin2
attribut smd
position 158.000000 145.600000  orientation 180.00
layer front
$PAD "1"
Shape Rect Layer front
position -3.150000 -2.300000  size  2.000000  1.500000  orientation 0.00
drill  0.000000
shape_offset  0.000000  0.000000
$EndPAD
$PAD "2"
Shape Rect Layer front
position  3.150000  0.000000  size  2.000000  3.800000  orientation 0.00
drill  0.000000
shape_offset  0.000000  0.000000
$EndPAD
$PAD "2"
Shape Rect Layer front
position -3.150000  0.000000  size  2.000000  1.500000  orientation 0.00
drill  0.000000
shape_offset  0.000000  0.000000
$EndPAD
$PAD "3"
Shape Rect Layer front
position -3.150000  2.300000  size  2.000000  1.500000  orientation 0.00
drill  0.000000
shape_offset  0.000000  0.000000
$EndPAD
$EndMODULE  U4

$MODULE U5
footprint Package_TO_SOT_SMD:SOT-23
attribut smd
position 148.000000 106.800000  orientation 90.00
layer front
$PAD "1"
Shape Roundrect Layer front
position -0.937500 -0.950000  size  1.475000  0.600000  orientation 0.00
drill  0.000000
shape_offset  0.000000  0.000000
$EndPAD
$PAD "2"
Shape Roundrect Layer front
position -0.937500  0.950000  size  1.475000  0.600000  orientation 0.00
drill  0.000000
shape_offset  0.000000  0.000000
$EndPAD
$PAD "3"
Shape Roundrect Layer front
position  0.937500  0.000000  size  1.475000  0.600000  orientation 0.00
drill  0.000000
shape_offset  0.000000  0.000000
$EndPAD
$EndMODULE  U5

$MODULE Y1
footprint Crystal:Crystal_SMD_3225-4Pin_3.2x2.5mm
attribut smd
position 161.450000 119.400000  orientation -90.00
layer front
$PAD "1"
Shape Rect Layer front
position -1.100000  0.850000  size  1.400000  1.200000  orientation 360.00
drill  0.000000
shape_offset  0.000000  0.000000
$EndPAD
$PAD "2"
Shape Rect Layer front
position  1.100000  0.850000  size  1.400000  1.200000  orientation 360.00
drill  0.000000
shape_offset  0.000000  0.000000
$EndPAD
$PAD "3"
Shape Rect Layer front
position  1.100000 -0.850000  size  1.400000  1.200000  orientation 360.00
drill  0.000000
shape_offset  0.000000  0.000000
$EndPAD
$PAD "4"
Shape Rect Layer front
position -1.100000 -0.850000  size  1.400000  1.200000  orientation 360.00
drill  0.000000
shape_offset  0.000000  0.000000
$EndPAD
$EndMODULE  Y1

$EndDESCRIPTION
